[2023-05-30 10:06:57] local.ERROR: Class "Haruncpi\LaravelUserActivity\ServiceProvider" not found {"exception":"[object] (Error(code: 0): Class \"Haruncpi\\LaravelUserActivity\\ServiceProvider\" not found at /home/ultracrepidarian/Projects/FYPmkulima/vendor/laravel/framework/src/Illuminate/Foundation/Application.php:745)
[stacktrace]
#0 /home/ultracrepidarian/Projects/FYPmkulima/vendor/laravel/framework/src/Illuminate/Foundation/Application.php(679): Illuminate\\Foundation\\Application->resolveProvider()
#1 /home/ultracrepidarian/Projects/FYPmkulima/vendor/laravel/framework/src/Illuminate/Foundation/ProviderRepository.php(75): Illuminate\\Foundation\\Application->register()
#2 /home/ultracrepidarian/Projects/FYPmkulima/vendor/laravel/framework/src/Illuminate/Foundation/Application.php(659): Illuminate\\Foundation\\ProviderRepository->load()
#3 /home/ultracrepidarian/Projects/FYPmkulima/vendor/laravel/framework/src/Illuminate/Foundation/Bootstrap/RegisterProviders.php(17): Illuminate\\Foundation\\Application->registerConfiguredProviders()
#4 /home/ultracrepidarian/Projects/FYPmkulima/vendor/laravel/framework/src/Illuminate/Foundation/Application.php(237): Illuminate\\Foundation\\Bootstrap\\RegisterProviders->bootstrap()
#5 /home/ultracrepidarian/Projects/FYPmkulima/vendor/laravel/framework/src/Illuminate/Foundation/Console/Kernel.php(310): Illuminate\\Foundation\\Application->bootstrapWith()
#6 /home/ultracrepidarian/Projects/FYPmkulima/vendor/laravel/framework/src/Illuminate/Foundation/Console/Kernel.php(127): Illuminate\\Foundation\\Console\\Kernel->bootstrap()
#7 Command line code(1): Illuminate\\Foundation\\Console\\Kernel->handle()
#8 {main}
"} 
[2023-05-30 10:06:57] local.ERROR: Trait "Haruncpi\LaravelUserActivity\Traits\Loggable" not found {"exception":"[object] (Symfony\\Component\\ErrorHandler\\Error\\FatalError(code: 0): Trait \"Haruncpi\\LaravelUserActivity\\Traits\\Loggable\" not found at /home/ultracrepidarian/Projects/FYPmkulima/app/Models/Agency.php:9)
[stacktrace]
#0 {main}
"} 
[2023-05-30 10:06:57] local.ERROR: Class "Haruncpi\LaravelUserActivity\ServiceProvider" not found {"exception":"[object] (Error(code: 0): Class \"Haruncpi\\LaravelUserActivity\\ServiceProvider\" not found at /home/ultracrepidarian/Projects/FYPmkulima/vendor/laravel/framework/src/Illuminate/Foundation/Application.php:745)
[stacktrace]
#0 /home/ultracrepidarian/Projects/FYPmkulima/vendor/laravel/framework/src/Illuminate/Foundation/Application.php(679): Illuminate\\Foundation\\Application->resolveProvider()
#1 /home/ultracrepidarian/Projects/FYPmkulima/vendor/laravel/framework/src/Illuminate/Foundation/ProviderRepository.php(75): Illuminate\\Foundation\\Application->register()
#2 /home/ultracrepidarian/Projects/FYPmkulima/vendor/laravel/framework/src/Illuminate/Foundation/Application.php(659): Illuminate\\Foundation\\ProviderRepository->load()
#3 /home/ultracrepidarian/Projects/FYPmkulima/vendor/laravel/framework/src/Illuminate/Foundation/Bootstrap/RegisterProviders.php(17): Illuminate\\Foundation\\Application->registerConfiguredProviders()
#4 /home/ultracrepidarian/Projects/FYPmkulima/vendor/laravel/framework/src/Illuminate/Foundation/Application.php(237): Illuminate\\Foundation\\Bootstrap\\RegisterProviders->bootstrap()
#5 /home/ultracrepidarian/Projects/FYPmkulima/vendor/laravel/framework/src/Illuminate/Foundation/Console/Kernel.php(310): Illuminate\\Foundation\\Application->bootstrapWith()
#6 /home/ultracrepidarian/Projects/FYPmkulima/vendor/laravel/framework/src/Illuminate/Foundation/Console/Kernel.php(127): Illuminate\\Foundation\\Console\\Kernel->bootstrap()
#7 Command line code(1): Illuminate\\Foundation\\Console\\Kernel->handle()
#8 {main}
"} 
[2023-05-30 10:07:57] local.ERROR: Class "Haruncpi\LaravelUserActivity\ServiceProvider" not found {"exception":"[object] (Error(code: 0): Class \"Haruncpi\\LaravelUserActivity\\ServiceProvider\" not found at /home/ultracrepidarian/Projects/FYPmkulima/vendor/laravel/framework/src/Illuminate/Foundation/Application.php:745)
[stacktrace]
#0 /home/ultracrepidarian/Projects/FYPmkulima/vendor/laravel/framework/src/Illuminate/Foundation/Application.php(679): Illuminate\\Foundation\\Application->resolveProvider()
#1 /home/ultracrepidarian/Projects/FYPmkulima/vendor/laravel/framework/src/Illuminate/Foundation/ProviderRepository.php(75): Illuminate\\Foundation\\Application->register()
#2 /home/ultracrepidarian/Projects/FYPmkulima/vendor/laravel/framework/src/Illuminate/Foundation/Application.php(659): Illuminate\\Foundation\\ProviderRepository->load()
#3 /home/ultracrepidarian/Projects/FYPmkulima/vendor/laravel/framework/src/Illuminate/Foundation/Bootstrap/RegisterProviders.php(17): Illuminate\\Foundation\\Application->registerConfiguredProviders()
#4 /home/ultracrepidarian/Projects/FYPmkulima/vendor/laravel/framework/src/Illuminate/Foundation/Application.php(237): Illuminate\\Foundation\\Bootstrap\\RegisterProviders->bootstrap()
#5 /home/ultracrepidarian/Projects/FYPmkulima/vendor/laravel/framework/src/Illuminate/Foundation/Console/Kernel.php(310): Illuminate\\Foundation\\Application->bootstrapWith()
#6 /home/ultracrepidarian/Projects/FYPmkulima/vendor/laravel/framework/src/Illuminate/Foundation/Console/Kernel.php(127): Illuminate\\Foundation\\Console\\Kernel->bootstrap()
#7 Command line code(1): Illuminate\\Foundation\\Console\\Kernel->handle()
#8 {main}
"} 
[2023-05-30 10:07:58] local.ERROR: Trait "Haruncpi\LaravelUserActivity\Traits\Loggable" not found {"exception":"[object] (Symfony\\Component\\ErrorHandler\\Error\\FatalError(code: 0): Trait \"Haruncpi\\LaravelUserActivity\\Traits\\Loggable\" not found at /home/ultracrepidarian/Projects/FYPmkulima/app/Models/Agency.php:9)
[stacktrace]
#0 {main}
"} 
[2023-05-30 10:07:58] local.ERROR: Class "Haruncpi\LaravelUserActivity\ServiceProvider" not found {"exception":"[object] (Error(code: 0): Class \"Haruncpi\\LaravelUserActivity\\ServiceProvider\" not found at /home/ultracrepidarian/Projects/FYPmkulima/vendor/laravel/framework/src/Illuminate/Foundation/Application.php:745)
[stacktrace]
#0 /home/ultracrepidarian/Projects/FYPmkulima/vendor/laravel/framework/src/Illuminate/Foundation/Application.php(679): Illuminate\\Foundation\\Application->resolveProvider()
#1 /home/ultracrepidarian/Projects/FYPmkulima/vendor/laravel/framework/src/Illuminate/Foundation/ProviderRepository.php(75): Illuminate\\Foundation\\Application->register()
#2 /home/ultracrepidarian/Projects/FYPmkulima/vendor/laravel/framework/src/Illuminate/Foundation/Application.php(659): Illuminate\\Foundation\\ProviderRepository->load()
#3 /home/ultracrepidarian/Projects/FYPmkulima/vendor/laravel/framework/src/Illuminate/Foundation/Bootstrap/RegisterProviders.php(17): Illuminate\\Foundation\\Application->registerConfiguredProviders()
#4 /home/ultracrepidarian/Projects/FYPmkulima/vendor/laravel/framework/src/Illuminate/Foundation/Application.php(237): Illuminate\\Foundation\\Bootstrap\\RegisterProviders->bootstrap()
#5 /home/ultracrepidarian/Projects/FYPmkulima/vendor/laravel/framework/src/Illuminate/Foundation/Console/Kernel.php(310): Illuminate\\Foundation\\Application->bootstrapWith()
#6 /home/ultracrepidarian/Projects/FYPmkulima/vendor/laravel/framework/src/Illuminate/Foundation/Console/Kernel.php(127): Illuminate\\Foundation\\Console\\Kernel->bootstrap()
#7 Command line code(1): Illuminate\\Foundation\\Console\\Kernel->handle()
#8 {main}
"} 
[2023-05-30 10:08:58] local.ERROR: Class "Haruncpi\LaravelUserActivity\ServiceProvider" not found {"exception":"[object] (Error(code: 0): Class \"Haruncpi\\LaravelUserActivity\\ServiceProvider\" not found at /home/ultracrepidarian/Projects/FYPmkulima/vendor/laravel/framework/src/Illuminate/Foundation/Application.php:745)
[stacktrace]
#0 /home/ultracrepidarian/Projects/FYPmkulima/vendor/laravel/framework/src/Illuminate/Foundation/Application.php(679): Illuminate\\Foundation\\Application->resolveProvider()
#1 /home/ultracrepidarian/Projects/FYPmkulima/vendor/laravel/framework/src/Illuminate/Foundation/ProviderRepository.php(75): Illuminate\\Foundation\\Application->register()
#2 /home/ultracrepidarian/Projects/FYPmkulima/vendor/laravel/framework/src/Illuminate/Foundation/Application.php(659): Illuminate\\Foundation\\ProviderRepository->load()
#3 /home/ultracrepidarian/Projects/FYPmkulima/vendor/laravel/framework/src/Illuminate/Foundation/Bootstrap/RegisterProviders.php(17): Illuminate\\Foundation\\Application->registerConfiguredProviders()
#4 /home/ultracrepidarian/Projects/FYPmkulima/vendor/laravel/framework/src/Illuminate/Foundation/Application.php(237): Illuminate\\Foundation\\Bootstrap\\RegisterProviders->bootstrap()
#5 /home/ultracrepidarian/Projects/FYPmkulima/vendor/laravel/framework/src/Illuminate/Foundation/Console/Kernel.php(310): Illuminate\\Foundation\\Application->bootstrapWith()
#6 /home/ultracrepidarian/Projects/FYPmkulima/vendor/laravel/framework/src/Illuminate/Foundation/Console/Kernel.php(127): Illuminate\\Foundation\\Console\\Kernel->bootstrap()
#7 Command line code(1): Illuminate\\Foundation\\Console\\Kernel->handle()
#8 {main}
"} 
[2023-05-30 10:08:58] local.ERROR: Class "Haruncpi\LaravelUserActivity\ServiceProvider" not found {"exception":"[object] (Error(code: 0): Class \"Haruncpi\\LaravelUserActivity\\ServiceProvider\" not found at /home/ultracrepidarian/Projects/FYPmkulima/vendor/laravel/framework/src/Illuminate/Foundation/Application.php:745)
[stacktrace]
#0 /home/ultracrepidarian/Projects/FYPmkulima/vendor/laravel/framework/src/Illuminate/Foundation/Application.php(679): Illuminate\\Foundation\\Application->resolveProvider()
#1 /home/ultracrepidarian/Projects/FYPmkulima/vendor/laravel/framework/src/Illuminate/Foundation/ProviderRepository.php(75): Illuminate\\Foundation\\Application->register()
#2 /home/ultracrepidarian/Projects/FYPmkulima/vendor/laravel/framework/src/Illuminate/Foundation/Application.php(659): Illuminate\\Foundation\\ProviderRepository->load()
#3 /home/ultracrepidarian/Projects/FYPmkulima/vendor/laravel/framework/src/Illuminate/Foundation/Bootstrap/RegisterProviders.php(17): Illuminate\\Foundation\\Application->registerConfiguredProviders()
#4 /home/ultracrepidarian/Projects/FYPmkulima/vendor/laravel/framework/src/Illuminate/Foundation/Application.php(237): Illuminate\\Foundation\\Bootstrap\\RegisterProviders->bootstrap()
#5 /home/ultracrepidarian/Projects/FYPmkulima/vendor/laravel/framework/src/Illuminate/Foundation/Console/Kernel.php(310): Illuminate\\Foundation\\Application->bootstrapWith()
#6 /home/ultracrepidarian/Projects/FYPmkulima/vendor/laravel/framework/src/Illuminate/Foundation/Console/Kernel.php(127): Illuminate\\Foundation\\Console\\Kernel->bootstrap()
#7 Command line code(1): Illuminate\\Foundation\\Console\\Kernel->handle()
#8 {main}
"} 
[2023-05-30 10:08:58] local.ERROR: Trait "Haruncpi\LaravelUserActivity\Traits\Loggable" not found {"exception":"[object] (Symfony\\Component\\ErrorHandler\\Error\\FatalError(code: 0): Trait \"Haruncpi\\LaravelUserActivity\\Traits\\Loggable\" not found at /home/ultracrepidarian/Projects/FYPmkulima/app/Models/Agency.php:9)
[stacktrace]
#0 {main}
"} 
[2023-05-30 10:09:57] local.ERROR: Class "Haruncpi\LaravelUserActivity\ServiceProvider" not found {"exception":"[object] (Error(code: 0): Class \"Haruncpi\\LaravelUserActivity\\ServiceProvider\" not found at /home/ultracrepidarian/Projects/FYPmkulima/vendor/laravel/framework/src/Illuminate/Foundation/Application.php:745)
[stacktrace]
#0 /home/ultracrepidarian/Projects/FYPmkulima/vendor/laravel/framework/src/Illuminate/Foundation/Application.php(679): Illuminate\\Foundation\\Application->resolveProvider()
#1 /home/ultracrepidarian/Projects/FYPmkulima/vendor/laravel/framework/src/Illuminate/Foundation/ProviderRepository.php(75): Illuminate\\Foundation\\Application->register()
#2 /home/ultracrepidarian/Projects/FYPmkulima/vendor/laravel/framework/src/Illuminate/Foundation/Application.php(659): Illuminate\\Foundation\\ProviderRepository->load()
#3 /home/ultracrepidarian/Projects/FYPmkulima/vendor/laravel/framework/src/Illuminate/Foundation/Bootstrap/RegisterProviders.php(17): Illuminate\\Foundation\\Application->registerConfiguredProviders()
#4 /home/ultracrepidarian/Projects/FYPmkulima/vendor/laravel/framework/src/Illuminate/Foundation/Application.php(237): Illuminate\\Foundation\\Bootstrap\\RegisterProviders->bootstrap()
#5 /home/ultracrepidarian/Projects/FYPmkulima/vendor/laravel/framework/src/Illuminate/Foundation/Console/Kernel.php(310): Illuminate\\Foundation\\Application->bootstrapWith()
#6 /home/ultracrepidarian/Projects/FYPmkulima/vendor/laravel/framework/src/Illuminate/Foundation/Console/Kernel.php(127): Illuminate\\Foundation\\Console\\Kernel->bootstrap()
#7 Command line code(1): Illuminate\\Foundation\\Console\\Kernel->handle()
#8 {main}
"} 
[2023-05-30 10:09:58] local.ERROR: Trait "Haruncpi\LaravelUserActivity\Traits\Loggable" not found {"exception":"[object] (Symfony\\Component\\ErrorHandler\\Error\\FatalError(code: 0): Trait \"Haruncpi\\LaravelUserActivity\\Traits\\Loggable\" not found at /home/ultracrepidarian/Projects/FYPmkulima/app/Models/Agency.php:9)
[stacktrace]
#0 {main}
"} 
[2023-05-30 10:09:58] local.ERROR: Class "Haruncpi\LaravelUserActivity\ServiceProvider" not found {"exception":"[object] (Error(code: 0): Class \"Haruncpi\\LaravelUserActivity\\ServiceProvider\" not found at /home/ultracrepidarian/Projects/FYPmkulima/vendor/laravel/framework/src/Illuminate/Foundation/Application.php:745)
[stacktrace]
#0 /home/ultracrepidarian/Projects/FYPmkulima/vendor/laravel/framework/src/Illuminate/Foundation/Application.php(679): Illuminate\\Foundation\\Application->resolveProvider()
#1 /home/ultracrepidarian/Projects/FYPmkulima/vendor/laravel/framework/src/Illuminate/Foundation/ProviderRepository.php(75): Illuminate\\Foundation\\Application->register()
#2 /home/ultracrepidarian/Projects/FYPmkulima/vendor/laravel/framework/src/Illuminate/Foundation/Application.php(659): Illuminate\\Foundation\\ProviderRepository->load()
#3 /home/ultracrepidarian/Projects/FYPmkulima/vendor/laravel/framework/src/Illuminate/Foundation/Bootstrap/RegisterProviders.php(17): Illuminate\\Foundation\\Application->registerConfiguredProviders()
#4 /home/ultracrepidarian/Projects/FYPmkulima/vendor/laravel/framework/src/Illuminate/Foundation/Application.php(237): Illuminate\\Foundation\\Bootstrap\\RegisterProviders->bootstrap()
#5 /home/ultracrepidarian/Projects/FYPmkulima/vendor/laravel/framework/src/Illuminate/Foundation/Console/Kernel.php(310): Illuminate\\Foundation\\Application->bootstrapWith()
#6 /home/ultracrepidarian/Projects/FYPmkulima/vendor/laravel/framework/src/Illuminate/Foundation/Console/Kernel.php(127): Illuminate\\Foundation\\Console\\Kernel->bootstrap()
#7 Command line code(1): Illuminate\\Foundation\\Console\\Kernel->handle()
#8 {main}
"} 
[2023-05-30 10:10:58] local.ERROR: Class "Haruncpi\LaravelUserActivity\ServiceProvider" not found {"exception":"[object] (Error(code: 0): Class \"Haruncpi\\LaravelUserActivity\\ServiceProvider\" not found at /home/ultracrepidarian/Projects/FYPmkulima/vendor/laravel/framework/src/Illuminate/Foundation/Application.php:745)
[stacktrace]
#0 /home/ultracrepidarian/Projects/FYPmkulima/vendor/laravel/framework/src/Illuminate/Foundation/Application.php(679): Illuminate\\Foundation\\Application->resolveProvider()
#1 /home/ultracrepidarian/Projects/FYPmkulima/vendor/laravel/framework/src/Illuminate/Foundation/ProviderRepository.php(75): Illuminate\\Foundation\\Application->register()
#2 /home/ultracrepidarian/Projects/FYPmkulima/vendor/laravel/framework/src/Illuminate/Foundation/Application.php(659): Illuminate\\Foundation\\ProviderRepository->load()
#3 /home/ultracrepidarian/Projects/FYPmkulima/vendor/laravel/framework/src/Illuminate/Foundation/Bootstrap/RegisterProviders.php(17): Illuminate\\Foundation\\Application->registerConfiguredProviders()
#4 /home/ultracrepidarian/Projects/FYPmkulima/vendor/laravel/framework/src/Illuminate/Foundation/Application.php(237): Illuminate\\Foundation\\Bootstrap\\RegisterProviders->bootstrap()
#5 /home/ultracrepidarian/Projects/FYPmkulima/vendor/laravel/framework/src/Illuminate/Foundation/Console/Kernel.php(310): Illuminate\\Foundation\\Application->bootstrapWith()
#6 /home/ultracrepidarian/Projects/FYPmkulima/vendor/laravel/framework/src/Illuminate/Foundation/Console/Kernel.php(127): Illuminate\\Foundation\\Console\\Kernel->bootstrap()
#7 Command line code(1): Illuminate\\Foundation\\Console\\Kernel->handle()
#8 {main}
"} 
[2023-05-30 10:10:58] local.ERROR: Trait "Haruncpi\LaravelUserActivity\Traits\Loggable" not found {"exception":"[object] (Symfony\\Component\\ErrorHandler\\Error\\FatalError(code: 0): Trait \"Haruncpi\\LaravelUserActivity\\Traits\\Loggable\" not found at /home/ultracrepidarian/Projects/FYPmkulima/app/Models/Agency.php:9)
[stacktrace]
#0 {main}
"} 
[2023-05-30 10:10:58] local.ERROR: Class "Haruncpi\LaravelUserActivity\ServiceProvider" not found {"exception":"[object] (Error(code: 0): Class \"Haruncpi\\LaravelUserActivity\\ServiceProvider\" not found at /home/ultracrepidarian/Projects/FYPmkulima/vendor/laravel/framework/src/Illuminate/Foundation/Application.php:745)
[stacktrace]
#0 /home/ultracrepidarian/Projects/FYPmkulima/vendor/laravel/framework/src/Illuminate/Foundation/Application.php(679): Illuminate\\Foundation\\Application->resolveProvider()
#1 /home/ultracrepidarian/Projects/FYPmkulima/vendor/laravel/framework/src/Illuminate/Foundation/ProviderRepository.php(75): Illuminate\\Foundation\\Application->register()
#2 /home/ultracrepidarian/Projects/FYPmkulima/vendor/laravel/framework/src/Illuminate/Foundation/Application.php(659): Illuminate\\Foundation\\ProviderRepository->load()
#3 /home/ultracrepidarian/Projects/FYPmkulima/vendor/laravel/framework/src/Illuminate/Foundation/Bootstrap/RegisterProviders.php(17): Illuminate\\Foundation\\Application->registerConfiguredProviders()
#4 /home/ultracrepidarian/Projects/FYPmkulima/vendor/laravel/framework/src/Illuminate/Foundation/Application.php(237): Illuminate\\Foundation\\Bootstrap\\RegisterProviders->bootstrap()
#5 /home/ultracrepidarian/Projects/FYPmkulima/vendor/laravel/framework/src/Illuminate/Foundation/Console/Kernel.php(310): Illuminate\\Foundation\\Application->bootstrapWith()
#6 /home/ultracrepidarian/Projects/FYPmkulima/vendor/laravel/framework/src/Illuminate/Foundation/Console/Kernel.php(127): Illuminate\\Foundation\\Console\\Kernel->bootstrap()
#7 Command line code(1): Illuminate\\Foundation\\Console\\Kernel->handle()
#8 {main}
"} 
